<?xml version="1.0" encoding="UTF-8"?>
<robot generator="Robot 4.1.1 (Python 3.9.7 on win32)" generated="20210923 17:12:37.141" rpa="false" schemaversion="2">
<suite id="s1" name="Test" source="D:\Digital-House\2b\teste\projetoRobot\test.robot">
<test id="s1-t1" name="Mercado Livre">
<kw name="Acessar o site do Mercado Livre">
<kw name="Open Browser" library="SeleniumLibrary">
<arg>https://mercadolivre.com.br</arg>
<arg>chrome</arg>
<doc>Opens a new browser instance to the optional ``url``.</doc>
<msg timestamp="20210923 17:12:37.389" level="INFO">Opening browser 'chrome' to base url 'https://mercadolivre.com.br'.</msg>
<status status="PASS" starttime="20210923 17:12:37.388" endtime="20210923 17:12:41.535"/>
</kw>
<status status="PASS" starttime="20210923 17:12:37.388" endtime="20210923 17:12:41.535"/>
</kw>
<kw name="Fazer uma busca por IPhone 12">
<kw name="Input Text" library="SeleniumLibrary">
<arg>css=body &gt; header &gt; div &gt; form &gt; input</arg>
<arg>Iphone 12</arg>
<doc>Types the given ``text`` into the text field identified by ``locator``.</doc>
<msg timestamp="20210923 17:12:41.537" level="INFO">Typing text 'Iphone 12' into text field 'css=body &gt; header &gt; div &gt; form &gt; input'.</msg>
<status status="PASS" starttime="20210923 17:12:41.536" endtime="20210923 17:12:41.728"/>
</kw>
<kw name="Click Element" library="SeleniumLibrary">
<arg>css=body &gt; header &gt; div &gt; form &gt; button &gt; div</arg>
<doc>Click the element identified by ``locator``.</doc>
<msg timestamp="20210923 17:12:41.728" level="INFO">Clicking element 'css=body &gt; header &gt; div &gt; form &gt; button &gt; div'.</msg>
<status status="PASS" starttime="20210923 17:12:41.728" endtime="20210923 17:12:43.913"/>
</kw>
<status status="PASS" starttime="20210923 17:12:41.536" endtime="20210923 17:12:43.913"/>
</kw>
<kw name="Clicar no primeiro resultado da busca">
<kw name="Click Element" library="SeleniumLibrary">
<arg>css=#root-app &gt; div &gt; div &gt; section &gt; ol &gt; li:nth-child(1) &gt; div &gt; div &gt; div.ui-search-result__content-wrapper &gt; div.ui-search-item__group.ui-search-item__group--title &gt; a &gt; h2</arg>
<doc>Click the element identified by ``locator``.</doc>
<msg timestamp="20210923 17:12:43.915" level="INFO">Clicking element 'css=#root-app &gt; div &gt; div &gt; section &gt; ol &gt; li:nth-child(1) &gt; div &gt; div &gt; div.ui-search-result__content-wrapper &gt; div.ui-search-item__group.ui-search-item__group--title &gt; a &gt; h2'.</msg>
<status status="PASS" starttime="20210923 17:12:43.914" endtime="20210923 17:12:44.856"/>
</kw>
<kw name="Click Element" library="SeleniumLibrary">
<arg>css=#newCookieDisclaimerButton</arg>
<doc>Click the element identified by ``locator``.</doc>
<msg timestamp="20210923 17:12:44.857" level="INFO">Clicking element 'css=#newCookieDisclaimerButton'.</msg>
<status status="PASS" starttime="20210923 17:12:44.856" endtime="20210923 17:12:44.920"/>
</kw>
<kw name="Capture Page Screenshot" library="SeleniumLibrary">
<doc>Takes a screenshot of the current page and embeds it into a log file.</doc>
<msg timestamp="20210923 17:12:45.313" level="INFO" html="true">&lt;/td&gt;&lt;/tr&gt;&lt;tr&gt;&lt;td colspan="3"&gt;&lt;a href="selenium-screenshot-1.png"&gt;&lt;img src="selenium-screenshot-1.png" width="800px"&gt;&lt;/a&gt;</msg>
<status status="PASS" starttime="20210923 17:12:44.920" endtime="20210923 17:12:45.313"/>
</kw>
<kw name="Close Browser" library="SeleniumLibrary">
<doc>Closes the current browser.</doc>
<status status="PASS" starttime="20210923 17:12:45.314" endtime="20210923 17:12:47.563"/>
</kw>
<status status="PASS" starttime="20210923 17:12:43.914" endtime="20210923 17:12:47.564"/>
</kw>
<status status="PASS" starttime="20210923 17:12:37.387" endtime="20210923 17:12:47.564"/>
</test>
<status status="PASS" starttime="20210923 17:12:37.142" endtime="20210923 17:12:47.566"/>
</suite>
<statistics>
<total>
<stat pass="1" fail="0" skip="0">All Tests</stat>
</total>
<tag>
</tag>
<suite>
<stat pass="1" fail="0" skip="0" id="s1" name="Test">Test</stat>
</suite>
</statistics>
<errors>
</errors>
</robot>
