<?xml version="1.0" encoding="UTF-8"?>
<robot generator="Robot 4.1.1 (Python 3.9.7 on win32)" generated="20210927 11:45:06.019" rpa="false" schemaversion="2">
<suite id="s1" name="Sauce2" source="D:\Digital-House\2b\teste\projetoRobot2\Test Sauce\sauce2.robot">
<test id="s1-t1" name="[TESTE 01 - Finalizando uma compra com usuario comum]">
<kw name="Acessar site sauce demo" library="keywords">
<kw name="Open Browser" library="SeleniumLibrary">
<arg>${SITE}</arg>
<arg>${BROWSER}</arg>
<doc>Opens a new browser instance to the optional ``url``.</doc>
<msg timestamp="20210927 11:45:06.440" level="INFO">Opening browser 'chrome' to base url 'http://saucedemo.com'.</msg>
<status status="PASS" starttime="20210927 11:45:06.440" endtime="20210927 11:45:08.894"/>
</kw>
<kw name="Maximize Browser Window" library="SeleniumLibrary">
<doc>Maximizes current browser window.</doc>
<status status="PASS" starttime="20210927 11:45:08.894" endtime="20210927 11:45:09.022"/>
</kw>
<status status="PASS" starttime="20210927 11:45:06.439" endtime="20210927 11:45:09.022"/>
</kw>
<kw name="Fazer login no site com o usuário standard_user" library="keywords">
<kw name="Input Text" library="SeleniumLibrary">
<arg>${LOGIN}</arg>
<arg>standard_user</arg>
<doc>Types the given ``text`` into the text field identified by ``locator``.</doc>
<msg timestamp="20210927 11:45:09.024" level="INFO">Typing text 'standard_user' into text field 'css=#user-name'.</msg>
<status status="PASS" starttime="20210927 11:45:09.023" endtime="20210927 11:45:09.177"/>
</kw>
<kw name="Input Text" library="SeleniumLibrary">
<arg>${SENHA}</arg>
<arg>secret_sauce</arg>
<doc>Types the given ``text`` into the text field identified by ``locator``.</doc>
<msg timestamp="20210927 11:45:09.177" level="INFO">Typing text 'secret_sauce' into text field 'css=#password'.</msg>
<status status="PASS" starttime="20210927 11:45:09.177" endtime="20210927 11:45:09.276"/>
</kw>
<kw name="Click Element" library="SeleniumLibrary">
<arg>${BOTAOLOGIN}</arg>
<doc>Click the element identified by ``locator``.</doc>
<msg timestamp="20210927 11:45:09.277" level="INFO">Clicking element 'css=#login-button'.</msg>
<status status="PASS" starttime="20210927 11:45:09.276" endtime="20210927 11:45:09.389"/>
</kw>
<status status="PASS" starttime="20210927 11:45:09.023" endtime="20210927 11:45:09.389"/>
</kw>
<kw name="Acessar os detalhes do produto Sauce Labs Backpack" library="keywords">
<kw name="Click Element" library="SeleniumLibrary">
<arg>${DETALHES_SAUCELABSPACK}</arg>
<doc>Click the element identified by ``locator``.</doc>
<msg timestamp="20210927 11:45:09.391" level="INFO">Clicking element 'css=#item_4_title_link &gt; div'.</msg>
<status status="PASS" starttime="20210927 11:45:09.390" endtime="20210927 11:45:09.452"/>
</kw>
<status status="PASS" starttime="20210927 11:45:09.390" endtime="20210927 11:45:09.452"/>
</kw>
<kw name="Adicionar o produto Sauce Labs Backpack ao carrinho de compras" library="keywords">
<kw name="Click Element" library="SeleniumLibrary">
<arg>${ADICIONAR_SAUCELABSPACK}</arg>
<doc>Click the element identified by ``locator``.</doc>
<msg timestamp="20210927 11:45:09.453" level="INFO">Clicking element 'css=#add-to-cart-sauce-labs-backpack'.</msg>
<status status="PASS" starttime="20210927 11:45:09.453" endtime="20210927 11:45:09.505"/>
</kw>
<status status="PASS" starttime="20210927 11:45:09.453" endtime="20210927 11:45:09.505"/>
</kw>
<kw name="Abrir o carrinho de compras" library="keywords">
<kw name="Click Element" library="SeleniumLibrary">
<arg>${CARRINHO}</arg>
<doc>Click the element identified by ``locator``.</doc>
<msg timestamp="20210927 11:45:09.507" level="INFO">Clicking element 'css=#shopping_cart_container &gt; a'.</msg>
<status status="PASS" starttime="20210927 11:45:09.506" endtime="20210927 11:45:09.555"/>
</kw>
<status status="PASS" starttime="20210927 11:45:09.506" endtime="20210927 11:45:09.555"/>
</kw>
<kw name="Remover o produto Sauce Labs Backpack do carrinho de compras" library="keywords">
<kw name="Click Element" library="SeleniumLibrary">
<arg>${REMOVER_SAUCELABSPACK}</arg>
<doc>Click the element identified by ``locator``.</doc>
<msg timestamp="20210927 11:45:09.557" level="INFO">Clicking element 'css=#remove-sauce-labs-backpack'.</msg>
<status status="PASS" starttime="20210927 11:45:09.557" endtime="20210927 11:45:09.599"/>
</kw>
<status status="PASS" starttime="20210927 11:45:09.556" endtime="20210927 11:45:09.599"/>
</kw>
<kw name="Clicar em Continue Shopping para voltar à Página Inicial" library="keywords">
<kw name="Click Element" library="SeleniumLibrary">
<arg>${CONTINUESHOPPING}</arg>
<doc>Click the element identified by ``locator``.</doc>
<msg timestamp="20210927 11:45:09.600" level="INFO">Clicking element 'css=#continue-shopping'.</msg>
<status status="PASS" starttime="20210927 11:45:09.600" endtime="20210927 11:45:09.660"/>
</kw>
<status status="PASS" starttime="20210927 11:45:09.600" endtime="20210927 11:45:09.661"/>
</kw>
<kw name="Adicionar o produto Sauce Labs Fleece Jacket ao carrinho de compras" library="keywords">
<kw name="Click Element" library="SeleniumLibrary">
<arg>${ADICIONAR_FLEECEJACKET}</arg>
<doc>Click the element identified by ``locator``.</doc>
<msg timestamp="20210927 11:45:09.662" level="INFO">Clicking element 'css=#add-to-cart-sauce-labs-fleece-jacket'.</msg>
<status status="PASS" starttime="20210927 11:45:09.661" endtime="20210927 11:45:09.706"/>
</kw>
<status status="PASS" starttime="20210927 11:45:09.661" endtime="20210927 11:45:09.706"/>
</kw>
<kw name="Abrir o carrinho de compras 2" library="keywords">
<kw name="Click Element" library="SeleniumLibrary">
<arg>${CARRINHO}</arg>
<doc>Click the element identified by ``locator``.</doc>
<msg timestamp="20210927 11:45:09.708" level="INFO">Clicking element 'css=#shopping_cart_container &gt; a'.</msg>
<status status="PASS" starttime="20210927 11:45:09.708" endtime="20210927 11:45:09.753"/>
</kw>
<status status="PASS" starttime="20210927 11:45:09.707" endtime="20210927 11:45:09.753"/>
</kw>
<kw name="Clicar em Checkout para finalizar a compra" library="keywords">
<kw name="Click Element" library="SeleniumLibrary">
<arg>${CHECKOUT}</arg>
<doc>Click the element identified by ``locator``.</doc>
<msg timestamp="20210927 11:45:09.754" level="INFO">Clicking element 'css=#checkout'.</msg>
<status status="PASS" starttime="20210927 11:45:09.754" endtime="20210927 11:45:09.805"/>
</kw>
<status status="PASS" starttime="20210927 11:45:09.754" endtime="20210927 11:45:09.805"/>
</kw>
<kw name="Preencher os dados: PRIMEIRO NOME (FIRST NAME), SOBRENOME (LAST NAME) E CEP (POSTAL CODE)" library="keywords">
<kw name="Input Text" library="SeleniumLibrary">
<arg>${FIRSTNAME}</arg>
<arg>Fulano</arg>
<doc>Types the given ``text`` into the text field identified by ``locator``.</doc>
<msg timestamp="20210927 11:45:09.806" level="INFO">Typing text 'Fulano' into text field 'css=#first-name'.</msg>
<status status="PASS" starttime="20210927 11:45:09.806" endtime="20210927 11:45:09.914"/>
</kw>
<kw name="Input Text" library="SeleniumLibrary">
<arg>${LASTNAME}</arg>
<arg>de Tal</arg>
<doc>Types the given ``text`` into the text field identified by ``locator``.</doc>
<msg timestamp="20210927 11:45:09.914" level="INFO">Typing text 'de Tal' into text field 'css=#last-name'.</msg>
<status status="PASS" starttime="20210927 11:45:09.914" endtime="20210927 11:45:10.008"/>
</kw>
<kw name="Input Text" library="SeleniumLibrary">
<arg>${POSTALCODE}</arg>
<arg>09099900</arg>
<doc>Types the given ``text`` into the text field identified by ``locator``.</doc>
<msg timestamp="20210927 11:45:10.009" level="INFO">Typing text '09099900' into text field 'css=#postal-code'.</msg>
<status status="PASS" starttime="20210927 11:45:10.008" endtime="20210927 11:45:10.109"/>
</kw>
<status status="PASS" starttime="20210927 11:45:09.806" endtime="20210927 11:45:10.109"/>
</kw>
<kw name="Clicar no botão CONTINUE" library="keywords">
<kw name="Click Element" library="SeleniumLibrary">
<arg>${BOTAOCONTINUE}</arg>
<doc>Click the element identified by ``locator``.</doc>
<msg timestamp="20210927 11:45:10.111" level="INFO">Clicking element 'css=#continue'.</msg>
<status status="PASS" starttime="20210927 11:45:10.111" endtime="20210927 11:45:10.177"/>
</kw>
<status status="PASS" starttime="20210927 11:45:10.110" endtime="20210927 11:45:10.177"/>
</kw>
<kw name="Validar se o valor total cobrado é de $53.99" library="keywords">
<kw name="Element Should Contain" library="SeleniumLibrary">
<arg>${VALORTOTAL}</arg>
<arg>$53.99</arg>
<doc>Verifies that element ``locator`` contains text ``expected``.</doc>
<msg timestamp="20210927 11:45:10.207" level="INFO">Element 'css=#checkout_summary_container &gt; div &gt; div.summary_info &gt; div.summary_total_label' contains text '$53.99'.</msg>
<status status="PASS" starttime="20210927 11:45:10.178" endtime="20210927 11:45:10.207"/>
</kw>
<status status="PASS" starttime="20210927 11:45:10.178" endtime="20210927 11:45:10.207"/>
</kw>
<kw name="Clicar no botão FINISH" library="keywords">
<kw name="Click Element" library="SeleniumLibrary">
<arg>${BOTAOFINISH}</arg>
<doc>Click the element identified by ``locator``.</doc>
<msg timestamp="20210927 11:45:10.208" level="INFO">Clicking element 'css=#finish'.</msg>
<status status="PASS" starttime="20210927 11:45:10.208" endtime="20210927 11:45:10.256"/>
</kw>
<status status="PASS" starttime="20210927 11:45:10.207" endtime="20210927 11:45:10.256"/>
</kw>
<kw name="Validar que a compra foi realizada e a mensagem THANK YOU FOR YOUR ORDER está sendo exibida" library="keywords">
<kw name="Wait Until Element Is Visible" library="SeleniumLibrary">
<arg>${THANKYOU}</arg>
<arg>10</arg>
<doc>Waits until the element ``locator`` is visible.</doc>
<status status="PASS" starttime="20210927 11:45:10.257" endtime="20210927 11:45:10.289"/>
</kw>
<status status="PASS" starttime="20210927 11:45:10.257" endtime="20210927 11:45:10.289"/>
</kw>
<status status="PASS" starttime="20210927 11:45:06.438" endtime="20210927 11:45:10.290"/>
</test>
<status status="PASS" starttime="20210927 11:45:06.022" endtime="20210927 11:45:10.292"/>
</suite>
<statistics>
<total>
<stat pass="1" fail="0" skip="0">All Tests</stat>
</total>
<tag>
</tag>
<suite>
<stat pass="1" fail="0" skip="0" id="s1" name="Sauce2">Sauce2</stat>
</suite>
</statistics>
<errors>
</errors>
</robot>
